<?xml version="1.0" encoding="UTF-8"?>
<testng-results skipped="0" failed="0" total="1" passed="1">
  <reporter-output>
  </reporter-output>
  <suite name="Suite" duration-ms="42" started-at="2020-02-19T13:26:29Z" finished-at="2020-02-19T13:26:29Z">
    <groups>
    </groups>
    <test name="Test" duration-ms="42" started-at="2020-02-19T13:26:29Z" finished-at="2020-02-19T13:26:29Z">
      <class name="TestCases.SignIn">
        <test-method status="PASS" signature="tc_01()[pri:0, instance:TestCases.SignIn@45dd4eda]" name="tc_01" duration-ms="20" started-at="2020-02-19T18:56:29Z" finished-at="2020-02-19T18:56:29Z">
          <reporter-output>
          </reporter-output>
        </test-method> <!-- tc_01 -->
      </class> <!-- TestCases.SignIn -->
    </test> <!-- Test -->
  </suite> <!-- Suite -->
</testng-results>
